<?xml version="1.0" encoding="UTF-8"?>
<testng-results skipped="0" failed="0" ignored="0" total="0" passed="0">
  <reporter-output>
  </reporter-output>
  <suite name="com.way2automation.basetest.BaseTest" duration-ms="9" started-at="2023-05-04T16:00:25 BST" finished-at="2023-05-04T16:00:25 BST">
    <groups>
    </groups>
    <test name="Command line test" duration-ms="9" started-at="2023-05-04T16:00:25 BST" finished-at="2023-05-04T16:00:25 BST">
    </test> <!-- Command line test -->
  </suite> <!-- com.way2automation.basetest.BaseTest -->
</testng-results>
